{"C:\\Users\\hmajz\\Downloads\\Node-project\\config\\test.js": {"path":"C:\\Users\\hmajz\\Downloads\\Node-project\\config\\test.js","statementMap":{"0":{"start":{"line":1,"column":0},"end":{"line":9,"column":4}}},"fnMap":{},"branchMap":{},"s":{"0":1},"f":{},"b":{},"_coverageSchema":"1a1c01bbd47fc00a2c39e90264f33305004495a9","hash":"83bcef176d35b6d042aed9c2a83837d9002a799b"}
,"C:\\Users\\hmajz\\Downloads\\Node-project\\controllers\\userController.js": {"path":"C:\\Users\\hmajz\\Downloads\\Node-project\\controllers\\userController.js","statementMap":{"0":{"start":{"line":1,"column":0},"end":{"line":50,"column":2}},"1":{"start":{"line":2,"column":30},"end":{"line":7,"column":3}},"2":{"start":{"line":3,"column":4},"end":{"line":6,"column":7}},"3":{"start":{"line":4,"column":6},"end":{"line":4,"column":67}},"4":{"start":{"line":4,"column":15},"end":{"line":4,"column":67}},"5":{"start":{"line":5,"column":6},"end":{"line":5,"column":22}},"6":{"start":{"line":9,"column":30},"end":{"line":16,"column":3}},"7":{"start":{"line":10,"column":19},"end":{"line":10,"column":29}},"8":{"start":{"line":11,"column":4},"end":{"line":15,"column":7}},"9":{"start":{"line":12,"column":6},"end":{"line":12,"column":67}},"10":{"start":{"line":12,"column":15},"end":{"line":12,"column":67}},"11":{"start":{"line":13,"column":6},"end":{"line":13,"column":76}},"12":{"start":{"line":13,"column":17},"end":{"line":13,"column":76}},"13":{"start":{"line":14,"column":6},"end":{"line":14,"column":21}},"14":{"start":{"line":18,"column":29},"end":{"line":27,"column":3}},"15":{"start":{"line":19,"column":28},"end":{"line":19,"column":36}},"16":{"start":{"line":20,"column":4},"end":{"line":22,"column":5}},"17":{"start":{"line":21,"column":6},"end":{"line":21,"column":76}},"18":{"start":{"line":23,"column":4},"end":{"line":26,"column":7}},"19":{"start":{"line":24,"column":6},"end":{"line":24,"column":67}},"20":{"start":{"line":24,"column":15},"end":{"line":24,"column":67}},"21":{"start":{"line":25,"column":6},"end":{"line":25,"column":77}},"22":{"start":{"line":29,"column":29},"end":{"line":38,"column":3}},"23":{"start":{"line":30,"column":19},"end":{"line":30,"column":29}},"24":{"start":{"line":31,"column":4},"end":{"line":37,"column":7}},"25":{"start":{"line":32,"column":6},"end":{"line":32,"column":67}},"26":{"start":{"line":32,"column":15},"end":{"line":32,"column":67}},"27":{"start":{"line":33,"column":6},"end":{"line":35,"column":7}},"28":{"start":{"line":34,"column":8},"end":{"line":34,"column":67}},"29":{"start":{"line":36,"column":6},"end":{"line":36,"column":44}},"30":{"start":{"line":40,"column":29},"end":{"line":49,"column":3}},"31":{"start":{"line":41,"column":19},"end":{"line":41,"column":29}},"32":{"start":{"line":42,"column":4},"end":{"line":48,"column":7}},"33":{"start":{"line":43,"column":6},"end":{"line":43,"column":67}},"34":{"start":{"line":43,"column":15},"end":{"line":43,"column":67}},"35":{"start":{"line":44,"column":6},"end":{"line":46,"column":7}},"36":{"start":{"line":45,"column":8},"end":{"line":45,"column":67}},"37":{"start":{"line":47,"column":6},"end":{"line":47,"column":44}}},"fnMap":{"0":{"name":"(anonymous_0)","decl":{"start":{"line":2,"column":15},"end":{"line":2,"column":16}},"loc":{"start":{"line":2,"column":30},"end":{"line":7,"column":3}},"line":2},"1":{"name":"(anonymous_1)","decl":{"start":{"line":2,"column":30},"end":{"line":2,"column":31}},"loc":{"start":{"line":2,"column":44},"end":{"line":7,"column":3}},"line":2},"2":{"name":"(anonymous_2)","decl":{"start":{"line":3,"column":26},"end":{"line":3,"column":27}},"loc":{"start":{"line":3,"column":42},"end":{"line":6,"column":5}},"line":3},"3":{"name":"(anonymous_3)","decl":{"start":{"line":9,"column":15},"end":{"line":9,"column":16}},"loc":{"start":{"line":9,"column":30},"end":{"line":16,"column":3}},"line":9},"4":{"name":"(anonymous_4)","decl":{"start":{"line":9,"column":30},"end":{"line":9,"column":31}},"loc":{"start":{"line":9,"column":44},"end":{"line":16,"column":3}},"line":9},"5":{"name":"(anonymous_5)","decl":{"start":{"line":11,"column":30},"end":{"line":11,"column":31}},"loc":{"start":{"line":11,"column":45},"end":{"line":15,"column":5}},"line":11},"6":{"name":"(anonymous_6)","decl":{"start":{"line":18,"column":14},"end":{"line":18,"column":15}},"loc":{"start":{"line":18,"column":29},"end":{"line":27,"column":3}},"line":18},"7":{"name":"(anonymous_7)","decl":{"start":{"line":18,"column":29},"end":{"line":18,"column":30}},"loc":{"start":{"line":18,"column":43},"end":{"line":27,"column":3}},"line":18},"8":{"name":"(anonymous_8)","decl":{"start":{"line":23,"column":35},"end":{"line":23,"column":36}},"loc":{"start":{"line":23,"column":52},"end":{"line":26,"column":5}},"line":23},"9":{"name":"(anonymous_9)","decl":{"start":{"line":29,"column":14},"end":{"line":29,"column":15}},"loc":{"start":{"line":29,"column":29},"end":{"line":38,"column":3}},"line":29},"10":{"name":"(anonymous_10)","decl":{"start":{"line":29,"column":29},"end":{"line":29,"column":30}},"loc":{"start":{"line":29,"column":43},"end":{"line":38,"column":3}},"line":29},"11":{"name":"(anonymous_11)","decl":{"start":{"line":31,"column":39},"end":{"line":31,"column":40}},"loc":{"start":{"line":31,"column":56},"end":{"line":37,"column":5}},"line":31},"12":{"name":"(anonymous_12)","decl":{"start":{"line":40,"column":14},"end":{"line":40,"column":15}},"loc":{"start":{"line":40,"column":29},"end":{"line":49,"column":3}},"line":40},"13":{"name":"(anonymous_13)","decl":{"start":{"line":40,"column":29},"end":{"line":40,"column":30}},"loc":{"start":{"line":40,"column":43},"end":{"line":49,"column":3}},"line":40},"14":{"name":"(anonymous_14)","decl":{"start":{"line":42,"column":29},"end":{"line":42,"column":30}},"loc":{"start":{"line":42,"column":46},"end":{"line":48,"column":5}},"line":42}},"branchMap":{"0":{"loc":{"start":{"line":4,"column":6},"end":{"line":4,"column":67}},"type":"if","locations":[{"start":{"line":4,"column":6},"end":{"line":4,"column":67}},{"start":{},"end":{}}],"line":4},"1":{"loc":{"start":{"line":12,"column":6},"end":{"line":12,"column":67}},"type":"if","locations":[{"start":{"line":12,"column":6},"end":{"line":12,"column":67}},{"start":{},"end":{}}],"line":12},"2":{"loc":{"start":{"line":13,"column":6},"end":{"line":13,"column":76}},"type":"if","locations":[{"start":{"line":13,"column":6},"end":{"line":13,"column":76}},{"start":{},"end":{}}],"line":13},"3":{"loc":{"start":{"line":20,"column":4},"end":{"line":22,"column":5}},"type":"if","locations":[{"start":{"line":20,"column":4},"end":{"line":22,"column":5}},{"start":{},"end":{}}],"line":20},"4":{"loc":{"start":{"line":20,"column":8},"end":{"line":20,"column":23}},"type":"binary-expr","locations":[{"start":{"line":20,"column":8},"end":{"line":20,"column":13}},{"start":{"line":20,"column":17},"end":{"line":20,"column":23}}],"line":20},"5":{"loc":{"start":{"line":24,"column":6},"end":{"line":24,"column":67}},"type":"if","locations":[{"start":{"line":24,"column":6},"end":{"line":24,"column":67}},{"start":{},"end":{}}],"line":24},"6":{"loc":{"start":{"line":32,"column":6},"end":{"line":32,"column":67}},"type":"if","locations":[{"start":{"line":32,"column":6},"end":{"line":32,"column":67}},{"start":{},"end":{}}],"line":32},"7":{"loc":{"start":{"line":33,"column":6},"end":{"line":35,"column":7}},"type":"if","locations":[{"start":{"line":33,"column":6},"end":{"line":35,"column":7}},{"start":{},"end":{}}],"line":33},"8":{"loc":{"start":{"line":43,"column":6},"end":{"line":43,"column":67}},"type":"if","locations":[{"start":{"line":43,"column":6},"end":{"line":43,"column":67}},{"start":{},"end":{}}],"line":43},"9":{"loc":{"start":{"line":44,"column":6},"end":{"line":46,"column":7}},"type":"if","locations":[{"start":{"line":44,"column":6},"end":{"line":46,"column":7}},{"start":{},"end":{}}],"line":44}},"s":{"0":1,"1":1,"2":1,"3":1,"4":0,"5":1,"6":1,"7":1,"8":1,"9":1,"10":0,"11":1,"12":0,"13":1,"14":0,"15":0,"16":0,"17":0,"18":0,"19":0,"20":0,"21":0,"22":0,"23":0,"24":0,"25":0,"26":0,"27":0,"28":0,"29":0,"30":0,"31":0,"32":0,"33":0,"34":0,"35":0,"36":0,"37":0},"f":{"0":1,"1":1,"2":1,"3":1,"4":1,"5":1,"6":0,"7":0,"8":0,"9":0,"10":0,"11":0,"12":0,"13":0,"14":0},"b":{"0":[0,1],"1":[0,1],"2":[0,1],"3":[0,0],"4":[0,0],"5":[0,0],"6":[0,0],"7":[0,0],"8":[0,0],"9":[0,0]},"_coverageSchema":"1a1c01bbd47fc00a2c39e90264f33305004495a9","hash":"88568578682ebf382d5b0c157adfdf1a8c1aeaa5"}
,"C:\\Users\\hmajz\\Downloads\\Node-project\\routes\\userRoutes.js": {"path":"C:\\Users\\hmajz\\Downloads\\Node-project\\routes\\userRoutes.js","statementMap":{"0":{"start":{"line":1,"column":16},"end":{"line":1,"column":34}},"1":{"start":{"line":2,"column":23},"end":{"line":2,"column":63}},"2":{"start":{"line":4,"column":0},"end":{"line":49,"column":2}},"3":{"start":{"line":5,"column":17},"end":{"line":5,"column":33}},"4":{"start":{"line":7,"column":2},"end":{"line":12,"column":5}},"5":{"start":{"line":8,"column":4},"end":{"line":11,"column":7}},"6":{"start":{"line":9,"column":6},"end":{"line":9,"column":67}},"7":{"start":{"line":9,"column":15},"end":{"line":9,"column":67}},"8":{"start":{"line":10,"column":6},"end":{"line":10,"column":24}},"9":{"start":{"line":14,"column":2},"end":{"line":21,"column":5}},"10":{"start":{"line":15,"column":19},"end":{"line":15,"column":32}},"11":{"start":{"line":16,"column":4},"end":{"line":20,"column":7}},"12":{"start":{"line":17,"column":6},"end":{"line":17,"column":67}},"13":{"start":{"line":17,"column":15},"end":{"line":17,"column":67}},"14":{"start":{"line":18,"column":6},"end":{"line":18,"column":78}},"15":{"start":{"line":18,"column":19},"end":{"line":18,"column":78}},"16":{"start":{"line":19,"column":6},"end":{"line":19,"column":23}},"17":{"start":{"line":23,"column":2},"end":{"line":29,"column":5}},"18":{"start":{"line":24,"column":20},"end":{"line":24,"column":28}},"19":{"start":{"line":25,"column":4},"end":{"line":28,"column":7}},"20":{"start":{"line":26,"column":6},"end":{"line":26,"column":67}},"21":{"start":{"line":26,"column":15},"end":{"line":26,"column":67}},"22":{"start":{"line":27,"column":6},"end":{"line":27,"column":52}},"23":{"start":{"line":31,"column":2},"end":{"line":38,"column":5}},"24":{"start":{"line":32,"column":19},"end":{"line":32,"column":32}},"25":{"start":{"line":33,"column":24},"end":{"line":33,"column":32}},"26":{"start":{"line":34,"column":4},"end":{"line":37,"column":7}},"27":{"start":{"line":35,"column":6},"end":{"line":35,"column":67}},"28":{"start":{"line":35,"column":15},"end":{"line":35,"column":67}},"29":{"start":{"line":36,"column":6},"end":{"line":36,"column":54}},"30":{"start":{"line":40,"column":2},"end":{"line":46,"column":5}},"31":{"start":{"line":41,"column":19},"end":{"line":41,"column":32}},"32":{"start":{"line":42,"column":4},"end":{"line":45,"column":7}},"33":{"start":{"line":43,"column":6},"end":{"line":43,"column":67}},"34":{"start":{"line":43,"column":15},"end":{"line":43,"column":67}},"35":{"start":{"line":44,"column":6},"end":{"line":44,"column":54}},"36":{"start":{"line":48,"column":2},"end":{"line":48,"column":16}}},"fnMap":{"0":{"name":"(anonymous_0)","decl":{"start":{"line":4,"column":17},"end":{"line":4,"column":18}},"loc":{"start":{"line":4,"column":25},"end":{"line":49,"column":1}},"line":4},"1":{"name":"(anonymous_1)","decl":{"start":{"line":7,"column":18},"end":{"line":7,"column":19}},"loc":{"start":{"line":7,"column":32},"end":{"line":12,"column":3}},"line":7},"2":{"name":"(anonymous_2)","decl":{"start":{"line":8,"column":35},"end":{"line":8,"column":36}},"loc":{"start":{"line":8,"column":53},"end":{"line":11,"column":5}},"line":8},"3":{"name":"(anonymous_3)","decl":{"start":{"line":14,"column":21},"end":{"line":14,"column":22}},"loc":{"start":{"line":14,"column":35},"end":{"line":21,"column":3}},"line":14},"4":{"name":"(anonymous_4)","decl":{"start":{"line":16,"column":43},"end":{"line":16,"column":44}},"loc":{"start":{"line":16,"column":60},"end":{"line":20,"column":5}},"line":16},"5":{"name":"(anonymous_5)","decl":{"start":{"line":23,"column":19},"end":{"line":23,"column":20}},"loc":{"start":{"line":23,"column":33},"end":{"line":29,"column":3}},"line":23},"6":{"name":"(anonymous_6)","decl":{"start":{"line":25,"column":43},"end":{"line":25,"column":44}},"loc":{"start":{"line":25,"column":60},"end":{"line":28,"column":5}},"line":25},"7":{"name":"(anonymous_7)","decl":{"start":{"line":31,"column":21},"end":{"line":31,"column":22}},"loc":{"start":{"line":31,"column":35},"end":{"line":38,"column":3}},"line":31},"8":{"name":"(anonymous_8)","decl":{"start":{"line":34,"column":55},"end":{"line":34,"column":56}},"loc":{"start":{"line":34,"column":72},"end":{"line":37,"column":5}},"line":34},"9":{"name":"(anonymous_9)","decl":{"start":{"line":40,"column":24},"end":{"line":40,"column":25}},"loc":{"start":{"line":40,"column":38},"end":{"line":46,"column":3}},"line":40},"10":{"name":"(anonymous_10)","decl":{"start":{"line":42,"column":42},"end":{"line":42,"column":43}},"loc":{"start":{"line":42,"column":59},"end":{"line":45,"column":5}},"line":42}},"branchMap":{"0":{"loc":{"start":{"line":9,"column":6},"end":{"line":9,"column":67}},"type":"if","locations":[{"start":{"line":9,"column":6},"end":{"line":9,"column":67}},{"start":{},"end":{}}],"line":9},"1":{"loc":{"start":{"line":17,"column":6},"end":{"line":17,"column":67}},"type":"if","locations":[{"start":{"line":17,"column":6},"end":{"line":17,"column":67}},{"start":{},"end":{}}],"line":17},"2":{"loc":{"start":{"line":18,"column":6},"end":{"line":18,"column":78}},"type":"if","locations":[{"start":{"line":18,"column":6},"end":{"line":18,"column":78}},{"start":{},"end":{}}],"line":18},"3":{"loc":{"start":{"line":26,"column":6},"end":{"line":26,"column":67}},"type":"if","locations":[{"start":{"line":26,"column":6},"end":{"line":26,"column":67}},{"start":{},"end":{}}],"line":26},"4":{"loc":{"start":{"line":35,"column":6},"end":{"line":35,"column":67}},"type":"if","locations":[{"start":{"line":35,"column":6},"end":{"line":35,"column":67}},{"start":{},"end":{}}],"line":35},"5":{"loc":{"start":{"line":43,"column":6},"end":{"line":43,"column":67}},"type":"if","locations":[{"start":{"line":43,"column":6},"end":{"line":43,"column":67}},{"start":{},"end":{}}],"line":43}},"s":{"0":1,"1":1,"2":1,"3":1,"4":1,"5":1,"6":1,"7":0,"8":1,"9":1,"10":1,"11":1,"12":1,"13":0,"14":1,"15":0,"16":1,"17":1,"18":1,"19":1,"20":1,"21":0,"22":1,"23":1,"24":1,"25":1,"26":1,"27":1,"28":0,"29":1,"30":1,"31":1,"32":1,"33":1,"34":0,"35":1,"36":1},"f":{"0":1,"1":1,"2":1,"3":1,"4":1,"5":1,"6":1,"7":1,"8":1,"9":1,"10":1},"b":{"0":[0,1],"1":[0,1],"2":[0,1],"3":[0,1],"4":[0,1],"5":[0,1]},"_coverageSchema":"1a1c01bbd47fc00a2c39e90264f33305004495a9","hash":"2090406229cc5ec7ca86b90ef437450f5c5a96a0"}
}
